Base path: C:/Program Files/Unity/Editor/Data
Pipe name: \\.\pipe\UnityShaderCompiler-1-3880
Cmd: getPlatforms
Cmd: preprocess
  insize=464 outsize=464 ok=1
Cmd: preprocess
  insize=1651 outsize=2267 ok=1
Cmd: preprocess
  insize=848 outsize=848 ok=1
Cmd: preprocess
  insize=1486 outsize=2211 ok=1
Cmd: preprocess
  insize=1101 outsize=904 ok=1
Cmd: preprocess
  insize=495 outsize=495 ok=1
Cmd: preprocess
  insize=876 outsize=876 ok=1
Cmd: preprocess
  insize=769 outsize=769 ok=1
Cmd: preprocess
  insize=638 outsize=638 ok=1
Cmd: preprocess
  insize=1654 outsize=1035 ok=1
Cmd: preprocess
  insize=3110 outsize=1735 ok=1
Cmd: preprocess
  insize=1246 outsize=422 ok=1
Cmd: preprocess
  insize=1207 outsize=411 ok=1
Cmd: preprocess
  insize=1426 outsize=1426 ok=1
Cmd: preprocess
  insize=334 outsize=334 ok=1
Cmd: preprocess
  insize=1574 outsize=702 ok=1
Cmd: preprocess
  insize=664 outsize=664 ok=1
Cmd: preprocess
  insize=1000 outsize=1000 ok=1
Cmd: preprocess
  insize=1812 outsize=1056 ok=1
Cmd: preprocess
  insize=430 outsize=1176 ok=1
Cmd: compileSnippet
  api=4 type=0 insize=4279 outsize=2607 kw=DIRECTIONAL SHADOWS_OFF LIGHTMAP_OFF DIRLIGHTMAP_OFF ok=1
Cmd: compileSnippet
  api=4 type=1 insize=4279 outsize=1242 kw=DIRECTIONAL SHADOWS_OFF LIGHTMAP_OFF DIRLIGHTMAP_OFF ok=1
Cmd: compileSnippet
  api=4 type=0 insize=2255 outsize=2875 kw=POINT ok=1
Cmd: compileSnippet
  api=4 type=1 insize=2255 outsize=1542 kw=POINT ok=1
Cmd: compileSnippet
  api=4 type=0 insize=1783 outsize=1477 kw= ok=1
Cmd: compileSnippet
  api=4 type=1 insize=1783 outsize=632 kw= ok=1
Cmd: compileSnippet
  api=4 type=0 insize=3996 outsize=2883 kw=LIGHTMAP_OFF DIRLIGHTMAP_OFF HDR_LIGHT_PREPASS_OFF ok=1
Cmd: compileSnippet
  api=4 type=1 insize=3996 outsize=1152 kw=LIGHTMAP_OFF DIRLIGHTMAP_OFF HDR_LIGHT_PREPASS_OFF ok=1
